<?xml version="1.0" encoding="UTF-8"?>
<testng-results ignored="0" total="1" passed="1" failed="0" skipped="0">
  <reporter-output>
  </reporter-output>
  <suite started-at="2024-01-09T13:24:02 IST" name="Default suite" finished-at="2024-01-09T13:24:02 IST" duration-ms="91">
    <groups>
    </groups>
    <test started-at="2024-01-09T13:24:02 IST" name="Default test" finished-at="2024-01-09T13:24:02 IST" duration-ms="91">
      <class name="pack1.P3Test">
        <test-method signature="add()[pri:0, instance:pack1.P3Test@7f552bd3]" started-at="2024-01-09T13:24:02 IST" name="add" finished-at="2024-01-09T13:24:02 IST" duration-ms="22" status="PASS">
          <reporter-output>
          </reporter-output>
        </test-method> <!-- add -->
      </class> <!-- pack1.P3Test -->
    </test> <!-- Default test -->
  </suite> <!-- Default suite -->
</testng-results>
